#
# There is insufficient memory for the Java Runtime Environment to continue.
# Native memory allocation (mmap) failed to map 79167488 bytes for committing reserved memory.
# Possible reasons:
#   The system is out of physical RAM or swap space
#   In 32 bit mode, the process size limit was hit
# Possible solutions:
#   Reduce memory load on the system
#   Increase physical memory or swap space
#   Check if swap backing store is full
#   Use 64 bit Java on a 64 bit OS
#   Decrease Java heap size (-Xmx/-Xms)
#   Decrease number of Java threads
#   Decrease Java thread stack sizes (-Xss)
#   Set larger code cache with -XX:ReservedCodeCacheSize=
# This output file may be truncated or incomplete.
#
#  Out of Memory Error (os_linux.cpp:2743), pid=9054, tid=0x00007fdf4f582700
#
# JRE version: Java(TM) SE Runtime Environment (8.0_191-b12) (build 1.8.0_191-b12)
# Java VM: Java HotSpot(TM) 64-Bit Server VM (25.191-b12 mixed mode linux-amd64 compressed oops)
# Failed to write core dump. Core dumps have been disabled. To enable core dumping, try "ulimit -c unlimited" before starting Java again
#

---------------  T H R E A D  ---------------

Current thread (0x00007fdf74146000):  VMThread [stack: 0x00007fdf4f483000,0x00007fdf4f583000] [id=9077]

Stack: [0x00007fdf4f483000,0x00007fdf4f583000],  sp=0x00007fdf4f581430,  free space=1017k
Native frames: (J=compiled Java code, j=interpreted, Vv=VM code, C=native code)
V  [libjvm.so+0xace425]  VMError::report_and_die()+0x2c5
V  [libjvm.so+0x4deb77]  report_vm_out_of_memory(char const*, int, unsigned long, VMErrorType, char const*)+0x67
V  [libjvm.so+0x90c570]  os::pd_commit_memory(char*, unsigned long, unsigned long, bool)+0x100
V  [libjvm.so+0x903eaf]  os::commit_memory(char*, unsigned long, unsigned long, bool)+0x1f
V  [libjvm.so+0x988346]  PSVirtualSpace::expand_by(unsigned long)+0x56
V  [libjvm.so+0x9895d8]  PSYoungGen::resize(unsigned long, unsigned long)+0xd8
V  [libjvm.so+0x985d66]  PSScavenge::invoke_no_policy()+0x1356
V  [libjvm.so+0x98610c]  PSScavenge::invoke()+0x4c
V  [libjvm.so+0x935fb8]  ParallelScavengeHeap::failed_mem_allocate(unsigned long)+0x68
V  [libjvm.so+0xacff53]  VM_ParallelGCFailedAllocation::doit()+0x93
V  [libjvm.so+0xad50f6]  VM_Operation::evaluate()+0x46
V  [libjvm.so+0xad347d]  VMThread::evaluate_operation(VM_Operation*) [clone .constprop.44]+0xcd
V  [libjvm.so+0xad3a3b]  VMThread::loop()+0x37b
V  [libjvm.so+0xad3de8]  VMThread::run()+0x78
V  [libjvm.so+0x909c92]  java_start(Thread*)+0x102

VM_Operation (0x00007fdf4db65720): ParallelGCFailedAllocation, mode: safepoint, requested by thread 0x00007fdf20003000


---------------  P R O C E S S  ---------------

Java Threads: ( => current thread )
  0x00007fdf38001000 JavaThread "Attach Listener" daemon [_thread_blocked, id=9103, stack(0x00007fdf4d968000,0x00007fdf4da69000)]
  0x00007fdf20003000 JavaThread "restartedMain" [_thread_blocked, id=9102, stack(0x00007fdf4da69000,0x00007fdf4db6a000)]
  0x00007fdf7482c000 JavaThread "Thread-0" [_thread_blocked, id=9101, stack(0x00007fdf4db6a000,0x00007fdf4dc6b000)]
  0x00007fdf74569000 JavaThread "Service Thread" daemon [_thread_blocked, id=9092, stack(0x00007fdf4dfd6000,0x00007fdf4e0d7000)]
  0x00007fdf74545800 JavaThread "C1 CompilerThread2" daemon [_thread_blocked, id=9091, stack(0x00007fdf4e0d8000,0x00007fdf4e1d8000)]
  0x00007fdf74543800 JavaThread "C2 CompilerThread1" daemon [_thread_blocked, id=9090, stack(0x00007fdf4e1d9000,0x00007fdf4e2d9000)]
  0x00007fdf74541800 JavaThread "C2 CompilerThread0" daemon [_thread_blocked, id=9089, stack(0x00007fdf4e2da000,0x00007fdf4e3da000)]
  0x00007fdf7453f000 JavaThread "Monitor Ctrl-Break" daemon [_thread_in_native, id=9088, stack(0x00007fdf4e3da000,0x00007fdf4e4db000)]
  0x00007fdf74185000 JavaThread "Signal Dispatcher" daemon [_thread_blocked, id=9084, stack(0x00007fdf4e7b0000,0x00007fdf4e8b1000)]
  0x00007fdf74152000 JavaThread "Finalizer" daemon [_thread_blocked, id=9080, stack(0x00007fdf4f280000,0x00007fdf4f381000)]
  0x00007fdf7414f800 JavaThread "Reference Handler" daemon [_thread_blocked, id=9079, stack(0x00007fdf4f381000,0x00007fdf4f482000)]
  0x00007fdf74010800 JavaThread "main" [_thread_blocked, id=9058, stack(0x00007fdf7c04b000,0x00007fdf7c14b000)]

Other Threads:
=>0x00007fdf74146000 VMThread [stack: 0x00007fdf4f483000,0x00007fdf4f583000] [id=9077]
  0x00007fdf7456d800 WatcherThread [stack: 0x00007fdf4dcbf000,0x00007fdf4ddbf000] [id=9093]

VM state:at safepoint (normal execution)

VM Mutex/Monitor currently owned by a thread:  ([mutex/lock_event])
[0x00007fdf7400cfd0] Threads_lock - owner thread: 0x00007fdf74146000
[0x00007fdf7400d4d0] Heap_lock - owner thread: 0x00007fdf20003000

Heap:
 PSYoungGen      total 136192K, used 8447K [0x00000000d7100000, 0x00000000dff00000, 0x0000000100000000)
  eden space 126976K, 0% used [0x00000000d7100000,0x00000000d7100000,0x00000000ded00000)
  from space 9216K, 91% used [0x00000000ded00000,0x00000000df53fc68,0x00000000df600000)
  to   space 9216K, 0% used [0x00000000df600000,0x00000000df600000,0x00000000dff00000)
 ParOldGen       total 53248K, used 6282K [0x0000000085200000, 0x0000000088600000, 0x00000000d7100000)
  object space 53248K, 11% used [0x0000000085200000,0x0000000085822a70,0x0000000088600000)
 Metaspace       used 24754K, capacity 25468K, committed 25728K, reserved 1071104K
  class space    used 3159K, capacity 3340K, committed 3456K, reserved 1048576K

Card table byte_map: [0x00007fdf78748000,0x00007fdf78b20000] byte_map_base: 0x00007fdf7831f000

Marking Bits: (ParMarkBitMap*) 0x00007fdf7b4f3d40
 Begin Bits: [0x00007fdf50290000, 0x00007fdf52148000)
 End Bits:   [0x00007fdf52148000, 0x00007fdf54000000)

Polling page: 0x00007fdf7c163000

CodeCache: size=245760Kb used=8013Kb max_used=8013Kb free=237746Kb
 bounds [0x00007fdf65000000, 0x00007fdf657e0000, 0x00007fdf74000000]
 total_blobs=2658 nmethods=2275 adapters=296
 compilation: enabled

Compilation events (10 events):
Event: 4,499 Thread 0x00007fdf74545800 2278       1       org.springframework.beans.factory.support.AbstractBeanDefinition::getFactoryMethodName (5 bytes)
Event: 4,499 Thread 0x00007fdf74545800 nmethod 2278 0x00007fdf657cbf50 code [0x00007fdf657cc0a0, 0x00007fdf657cc1b0]
Event: 4,500 Thread 0x00007fdf74545800 2279       3       java.lang.reflect.Proxy$Key1::equals (47 bytes)
Event: 4,500 Thread 0x00007fdf74545800 nmethod 2279 0x00007fdf657d5e90 code [0x00007fdf657d6020, 0x00007fdf657d6670]
Event: 4,515 Thread 0x00007fdf74545800 2280       3       org.springframework.beans.factory.support.AbstractAutowireCapableBeanFactory::predictBeanType (126 bytes)
Event: 4,516 Thread 0x00007fdf74545800 nmethod 2280 0x00007fdf657d4b10 code [0x00007fdf657d4d20, 0x00007fdf657d5ad8]
Event: 4,516 Thread 0x00007fdf74545800 2281       3       org.springframework.beans.factory.support.AbstractAutowireCapableBeanFactory::determineTargetType (60 bytes)
Event: 4,518 Thread 0x00007fdf74545800 nmethod 2281 0x00007fdf657d7090 code [0x00007fdf657d7240, 0x00007fdf657d7ab8]
Event: 4,518 Thread 0x00007fdf74545800 2282       3       org.springframework.beans.factory.support.RootBeanDefinition::getTargetType (30 bytes)
Event: 4,518 Thread 0x00007fdf74545800 nmethod 2282 0x00007fdf657d4650 code [0x00007fdf657d47c0, 0x00007fdf657d4a50]

GC Heap History (10 events):
Event: 1,473 GC heap after
Heap after GC invocations=3 (full 0):
 PSYoungGen      total 36864K, used 4318K [0x00000000d7100000, 0x00000000db900000, 0x0000000100000000)
  eden space 31744K, 0% used [0x00000000d7100000,0x00000000d7100000,0x00000000d9000000)
  from space 5120K, 84% used [0x00000000d9000000,0x00000000d9437b00,0x00000000d9500000)
  to   space 5120K, 0% used [0x00000000db400000,0x00000000db400000,0x00000000db900000)
 ParOldGen       total 84992K, used 24K [0x0000000085200000, 0x000000008a500000, 0x00000000d7100000)
  object space 84992K, 0% used [0x0000000085200000,0x0000000085206000,0x000000008a500000)
 Metaspace       used 11076K, capacity 11408K, committed 11776K, reserved 1058816K
  class space    used 1311K, capacity 1413K, committed 1536K, reserved 1048576K
}
Event: 1,686 GC heap before
{Heap before GC invocations=4 (full 0):
 PSYoungGen      total 36864K, used 36062K [0x00000000d7100000, 0x00000000db900000, 0x0000000100000000)
  eden space 31744K, 100% used [0x00000000d7100000,0x00000000d9000000,0x00000000d9000000)
  from space 5120K, 84% used [0x00000000d9000000,0x00000000d9437b00,0x00000000d9500000)
  to   space 5120K, 0% used [0x00000000db400000,0x00000000db400000,0x00000000db900000)
 ParOldGen       total 84992K, used 24K [0x0000000085200000, 0x000000008a500000, 0x00000000d7100000)
  object space 84992K, 0% used [0x0000000085200000,0x0000000085206000,0x000000008a500000)
 Metaspace       used 13363K, capacity 13746K, committed 13952K, reserved 1060864K
  class space    used 1711K, capacity 1834K, committed 1920K, reserved 1048576K
Event: 1,699 GC heap after
Heap after GC invocations=4 (full 0):
 PSYoungGen      total 68608K, used 4837K [0x00000000d7100000, 0x00000000db900000, 0x0000000100000000)
  eden space 63488K, 0% used [0x00000000d7100000,0x00000000d7100000,0x00000000daf00000)
  from space 5120K, 94% used [0x00000000db400000,0x00000000db8b9620,0x00000000db900000)
  to   space 5120K, 0% used [0x00000000daf00000,0x00000000daf00000,0x00000000db400000)
 ParOldGen       total 84992K, used 32K [0x0000000085200000, 0x000000008a500000, 0x00000000d7100000)
  object space 84992K, 0% used [0x0000000085200000,0x0000000085208000,0x000000008a500000)
 Metaspace       used 13363K, capacity 13746K, committed 13952K, reserved 1060864K
  class space    used 1711K, capacity 1834K, committed 1920K, reserved 1048576K
}
Event: 2,441 GC heap before
{Heap before GC invocations=5 (full 0):
 PSYoungGen      total 68608K, used 68325K [0x00000000d7100000, 0x00000000db900000, 0x0000000100000000)
  eden space 63488K, 100% used [0x00000000d7100000,0x00000000daf00000,0x00000000daf00000)
  from space 5120K, 94% used [0x00000000db400000,0x00000000db8b9620,0x00000000db900000)
  to   space 5120K, 0% used [0x00000000daf00000,0x00000000daf00000,0x00000000db400000)
 ParOldGen       total 84992K, used 32K [0x0000000085200000, 0x000000008a500000, 0x00000000d7100000)
  object space 84992K, 0% used [0x0000000085200000,0x0000000085208000,0x000000008a500000)
 Metaspace       used 19517K, capacity 20028K, committed 20352K, reserved 1067008K
  class space    used 2482K, capacity 2623K, committed 2688K, reserved 1048576K
Event: 2,464 GC heap after
Heap after GC invocations=5 (full 0):
 PSYoungGen      total 68608K, used 5114K [0x00000000d7100000, 0x00000000dff00000, 0x0000000100000000)
  eden space 63488K, 0% used [0x00000000d7100000,0x00000000d7100000,0x00000000daf00000)
  from space 5120K, 99% used [0x00000000daf00000,0x00000000db3fea10,0x00000000db400000)
  to   space 9216K, 0% used [0x00000000df600000,0x00000000df600000,0x00000000dff00000)
 ParOldGen       total 84992K, used 4401K [0x0000000085200000, 0x000000008a500000, 0x00000000d7100000)
  object space 84992K, 5% used [0x0000000085200000,0x000000008564c420,0x000000008a500000)
 Metaspace       used 19517K, capacity 20028K, committed 20352K, reserved 1067008K
  class space    used 2482K, capacity 2623K, committed 2688K, reserved 1048576K
}
Event: 2,708 GC heap before
{Heap before GC invocations=6 (full 0):
 PSYoungGen      total 68608K, used 22678K [0x00000000d7100000, 0x00000000dff00000, 0x0000000100000000)
  eden space 63488K, 27% used [0x00000000d7100000,0x00000000d82270b0,0x00000000daf00000)
  from space 5120K, 99% used [0x00000000daf00000,0x00000000db3fea10,0x00000000db400000)
  to   space 9216K, 0% used [0x00000000df600000,0x00000000df600000,0x00000000dff00000)
 ParOldGen       total 84992K, used 4401K [0x0000000085200000, 0x000000008a500000, 0x00000000d7100000)
  object space 84992K, 5% used [0x0000000085200000,0x000000008564c420,0x000000008a500000)
 Metaspace       used 20627K, capacity 21176K, committed 21248K, reserved 1067008K
  class space    used 2652K, capacity 2815K, committed 2816K, reserved 1048576K
Event: 2,717 GC heap after
Heap after GC invocations=6 (full 0):
 PSYoungGen      total 136192K, used 5985K [0x00000000d7100000, 0x00000000dff00000, 0x0000000100000000)
  eden space 126976K, 0% used [0x00000000d7100000,0x00000000d7100000,0x00000000ded00000)
  from space 9216K, 64% used [0x00000000df600000,0x00000000dfbd8470,0x00000000dff00000)
  to   space 9216K, 0% used [0x00000000ded00000,0x00000000ded00000,0x00000000df600000)
 ParOldGen       total 84992K, used 4409K [0x0000000085200000, 0x000000008a500000, 0x00000000d7100000)
  object space 84992K, 5% used [0x0000000085200000,0x000000008564e420,0x000000008a500000)
 Metaspace       used 20627K, capacity 21176K, committed 21248K, reserved 1067008K
  class space    used 2652K, capacity 2815K, committed 2816K, reserved 1048576K
}
Event: 2,717 GC heap before
{Heap before GC invocations=7 (full 1):
 PSYoungGen      total 136192K, used 5985K [0x00000000d7100000, 0x00000000dff00000, 0x0000000100000000)
  eden space 126976K, 0% used [0x00000000d7100000,0x00000000d7100000,0x00000000ded00000)
  from space 9216K, 64% used [0x00000000df600000,0x00000000dfbd8470,0x00000000dff00000)
  to   space 9216K, 0% used [0x00000000ded00000,0x00000000ded00000,0x00000000df600000)
 ParOldGen       total 84992K, used 4409K [0x0000000085200000, 0x000000008a500000, 0x00000000d7100000)
  object space 84992K, 5% used [0x0000000085200000,0x000000008564e420,0x000000008a500000)
 Metaspace       used 20627K, capacity 21176K, committed 21248K, reserved 1067008K
  class space    used 2652K, capacity 2815K, committed 2816K, reserved 1048576K
Event: 2,782 GC heap after
Heap after GC invocations=7 (full 1):
 PSYoungGen      total 136192K, used 0K [0x00000000d7100000, 0x00000000dff00000, 0x0000000100000000)
  eden space 126976K, 0% used [0x00000000d7100000,0x00000000d7100000,0x00000000ded00000)
  from space 9216K, 0% used [0x00000000df600000,0x00000000df600000,0x00000000dff00000)
  to   space 9216K, 0% used [0x00000000ded00000,0x00000000ded00000,0x00000000df600000)
 ParOldGen       total 53248K, used 6274K [0x0000000085200000, 0x0000000088600000, 0x00000000d7100000)
  object space 53248K, 11% used [0x0000000085200000,0x0000000085820a70,0x0000000088600000)
 Metaspace       used 20627K, capacity 21176K, committed 21248K, reserved 1067008K
  class space    used 2652K, capacity 2815K, committed 2816K, reserved 1048576K
}
Event: 4,539 GC heap before
{Heap before GC invocations=8 (full 1):
 PSYoungGen      total 136192K, used 126976K [0x00000000d7100000, 0x00000000dff00000, 0x0000000100000000)
  eden space 126976K, 100% used [0x00000000d7100000,0x00000000ded00000,0x00000000ded00000)
  from space 9216K, 0% used [0x00000000df600000,0x00000000df600000,0x00000000dff00000)
  to   space 9216K, 0% used [0x00000000ded00000,0x00000000ded00000,0x00000000df600000)
 ParOldGen       total 53248K, used 6274K [0x0000000085200000, 0x0000000088600000, 0x00000000d7100000)
  object space 53248K, 11% used [0x0000000085200000,0x0000000085820a70,0x0000000088600000)
 Metaspace       used 24754K, capacity 25468K, committed 25728K, reserved 1071104K
  class space    used 3159K, capacity 3340K, committed 3456K, reserved 1048576K

Deoptimization events (10 events):
Event: 2,363 Thread 0x00007fdf20003000 Uncommon trap: reason=unstable_if action=reinterpret pc=0x00007fdf653b331c method=java.lang.ThreadLocal$ThreadLocalMap.getEntry(Ljava/lang/ThreadLocal;)Ljava/lang/ThreadLocal$ThreadLocalMap$Entry; @ 29
Event: 2,363 Thread 0x00007fdf20003000 Uncommon trap: reason=unstable_if action=reinterpret pc=0x00007fdf653b092c method=java.lang.ThreadLocal$ThreadLocalMap.getEntry(Ljava/lang/ThreadLocal;)Ljava/lang/ThreadLocal$ThreadLocalMap$Entry; @ 29
Event: 3,675 Thread 0x00007fdf20003000 Uncommon trap: reason=bimorphic action=maybe_recompile pc=0x00007fdf65300dc4 method=java.util.HashMap.putVal(ILjava/lang/Object;Ljava/lang/Object;ZZ)Ljava/lang/Object; @ 253
Event: 4,168 Thread 0x00007fdf20003000 Uncommon trap: reason=unstable_if action=reinterpret pc=0x00007fdf65655f48 method=org.springframework.asm.ClassReader.readUtf(II[C)Ljava/lang/String; @ 41
Event: 4,321 Thread 0x00007fdf20003000 Uncommon trap: reason=predicate action=maybe_recompile pc=0x00007fdf657a31f0 method=java.util.AbstractCollection.toArray([Ljava/lang/Object;)[Ljava/lang/Object; @ 49
Event: 4,350 Thread 0x00007fdf20003000 Uncommon trap: reason=array_check action=maybe_recompile pc=0x00007fdf657b2664 method=java.util.AbstractCollection.toArray([Ljava/lang/Object;)[Ljava/lang/Object; @ 119
Event: 4,351 Thread 0x00007fdf20003000 Uncommon trap: reason=array_check action=maybe_recompile pc=0x00007fdf657b2664 method=java.util.AbstractCollection.toArray([Ljava/lang/Object;)[Ljava/lang/Object; @ 119
Event: 4,351 Thread 0x00007fdf20003000 Uncommon trap: reason=array_check action=maybe_recompile pc=0x00007fdf657b2664 method=java.util.AbstractCollection.toArray([Ljava/lang/Object;)[Ljava/lang/Object; @ 119
Event: 4,351 Thread 0x00007fdf20003000 Uncommon trap: reason=array_check action=maybe_recompile pc=0x00007fdf657b2664 method=java.util.AbstractCollection.toArray([Ljava/lang/Object;)[Ljava/lang/Object; @ 119
Event: 4,516 Thread 0x00007fdf20003000 Uncommon trap: reason=class_check action=maybe_recompile pc=0x00007fdf656996fc method=java.util.HashMap.putVal(ILjava/lang/Object;Ljava/lang/Object;ZZ)Ljava/lang/Object; @ 203

Classes redefined (0 events):
No events

Internal exceptions (10 events):
Event: 2,223 Thread 0x00007fdf20003000 Exception <a 'java/lang/ClassNotFoundException': org/springframework/core/OrderedCustomizer> (0x00000000d9e2cf40) thrown at [/HUDSON/workspace/8-2-build-linux-amd64/jdk8u191/11894/hotspot/src/share/vm/classfile/systemDictionary.cpp, line 210]
Event: 2,225 Thread 0x00007fdf20003000 Exception <a 'java/lang/ClassNotFoundException': org/springframework/context/ResourceLoaderAwareCustomizer> (0x00000000d9e46108) thrown at [/HUDSON/workspace/8-2-build-linux-amd64/jdk8u191/11894/hotspot/src/share/vm/classfile/systemDictionary.cpp, line 21
Event: 2,226 Thread 0x00007fdf20003000 Exception <a 'java/lang/ClassNotFoundException': org/springframework/beans/factory/AwareCustomizer> (0x00000000d9e5cd90) thrown at [/HUDSON/workspace/8-2-build-linux-amd64/jdk8u191/11894/hotspot/src/share/vm/classfile/systemDictionary.cpp, line 210]
Event: 2,232 Thread 0x00007fdf20003000 Exception <a 'java/lang/ClassNotFoundException': org/springframework/beans/factory/BeanClassLoaderAwareCustomizer> (0x00000000d9e77570) thrown at [/HUDSON/workspace/8-2-build-linux-amd64/jdk8u191/11894/hotspot/src/share/vm/classfile/systemDictionary.cpp, 
Event: 2,233 Thread 0x00007fdf20003000 Exception <a 'java/lang/ClassNotFoundException': org/springframework/beans/factory/AwareCustomizer> (0x00000000d9e8e210) thrown at [/HUDSON/workspace/8-2-build-linux-amd64/jdk8u191/11894/hotspot/src/share/vm/classfile/systemDictionary.cpp, line 210]
Event: 2,234 Thread 0x00007fdf20003000 Exception <a 'java/lang/ClassNotFoundException': org/springframework/context/EnvironmentAwareCustomizer> (0x00000000d9f48590) thrown at [/HUDSON/workspace/8-2-build-linux-amd64/jdk8u191/11894/hotspot/src/share/vm/classfile/systemDictionary.cpp, line 210]
Event: 2,235 Thread 0x00007fdf20003000 Exception <a 'java/lang/ClassNotFoundException': org/springframework/beans/factory/AwareCustomizer> (0x00000000d9f5f110) thrown at [/HUDSON/workspace/8-2-build-linux-amd64/jdk8u191/11894/hotspot/src/share/vm/classfile/systemDictionary.cpp, line 210]
Event: 2,317 Thread 0x00007fdf20003000 Exception <a 'java/lang/NoSuchMethodError': java.lang.Object.lambda$comparing$77a9974f$1(Ljava/util/function/Function;Ljava/lang/Object;Ljava/lang/Object;)I> (0x00000000da595c30) thrown at [/HUDSON/workspace/8-2-build-linux-amd64/jdk8u191/11894/hotspot/sr
Event: 2,653 Thread 0x00007fdf1402b000 Exception <a 'java/lang/IncompatibleClassChangeError': Found class java.lang.Object, but interface was expected> (0x00000000d7cb2df0) thrown at [/HUDSON/workspace/8-2-build-linux-amd64/jdk8u191/11894/hotspot/src/share/vm/interpreter/linkResolver.cpp, line
Event: 3,129 Thread 0x00007fdf20003000 Exception <a 'java/lang/IncompatibleClassChangeError': Found class java.lang.Object, but interface was expected> (0x00000000d82e17d8) thrown at [/HUDSON/workspace/8-2-build-linux-amd64/jdk8u191/11894/hotspot/src/share/vm/interpreter/linkResolver.cpp, line

Events (10 events):
Event: 4,517 loading class org/springframework/security/config/annotation/web/configuration/WebMvcSecurityConfiguration done
Event: 4,522 loading class org/springframework/web/servlet/support/RequestDataValueProcessor
Event: 4,522 loading class org/springframework/web/servlet/support/RequestDataValueProcessor done
Event: 4,524 loading class org/springframework/validation/Validator
Event: 4,524 loading class org/springframework/validation/Validator done
Event: 4,527 loading class org/springframework/web/servlet/config/annotation/ResourceHandlerRegistry
Event: 4,527 loading class org/springframework/web/servlet/config/annotation/ResourceHandlerRegistry done
Event: 4,528 loading class org/springframework/web/servlet/config/annotation/PathMatchConfigurer
Event: 4,528 loading class org/springframework/web/servlet/config/annotation/PathMatchConfigurer done
Event: 4,532 Executing VM operation: ParallelGCFailedAllocation


Dynamic libraries:
00400000-00401000 r-xp 00000000 08:06 1182385                            /usr/lib/jvm/java-8-oracle/bin/java
00600000-00601000 r--p 00000000 08:06 1182385                            /usr/lib/jvm/java-8-oracle/bin/java
00601000-00602000 rw-p 00001000 08:06 1182385                            /usr/lib/jvm/java-8-oracle/bin/java
012fa000-0131b000 rw-p 00000000 00:00 0                                  [heap]
85200000-88600000 rw-p 00000000 00:00 0 
88600000-d7100000 ---p 00000000 00:00 0 
d7100000-dff00000 rw-p 00000000 00:00 0 
e4a80000-100000000 ---p 00000000 00:00 0 
100000000-100360000 rw-p 00000000 00:00 0 
100360000-140000000 ---p 00000000 00:00 0 
7fdf0c000000-7fdf0c526000 rw-p 00000000 00:00 0 
7fdf0c526000-7fdf10000000 ---p 00000000 00:00 0 
7fdf10000000-7fdf10062000 rw-p 00000000 00:00 0 
7fdf10062000-7fdf14000000 ---p 00000000 00:00 0 
7fdf14000000-7fdf1458b000 rw-p 00000000 00:00 0 
7fdf1458b000-7fdf18000000 ---p 00000000 00:00 0 
7fdf18000000-7fdf18021000 rw-p 00000000 00:00 0 
7fdf18021000-7fdf1c000000 ---p 00000000 00:00 0 
7fdf1c000000-7fdf1c021000 rw-p 00000000 00:00 0 
7fdf1c021000-7fdf20000000 ---p 00000000 00:00 0 
7fdf20000000-7fdf20021000 rw-p 00000000 00:00 0 
7fdf20021000-7fdf24000000 ---p 00000000 00:00 0 
7fdf24000000-7fdf24021000 rw-p 00000000 00:00 0 
7fdf24021000-7fdf28000000 ---p 00000000 00:00 0 
7fdf28000000-7fdf28e07000 rw-p 00000000 00:00 0 
7fdf28e07000-7fdf2c000000 ---p 00000000 00:00 0 
7fdf2cfff000-7fdf30000000 rw-p 00000000 00:00 0 
7fdf30000000-7fdf31280000 rw-p 00000000 00:00 0 
7fdf31280000-7fdf34000000 ---p 00000000 00:00 0 
7fdf34000000-7fdf34706000 rw-p 00000000 00:00 0 
7fdf34706000-7fdf38000000 ---p 00000000 00:00 0 
7fdf38000000-7fdf38021000 rw-p 00000000 00:00 0 
7fdf38021000-7fdf3c000000 ---p 00000000 00:00 0 
7fdf3c000000-7fdf3c03f000 rw-p 00000000 00:00 0 
7fdf3c03f000-7fdf40000000 ---p 00000000 00:00 0 
7fdf40000000-7fdf40021000 rw-p 00000000 00:00 0 
7fdf40021000-7fdf44000000 ---p 00000000 00:00 0 
7fdf44000000-7fdf44021000 rw-p 00000000 00:00 0 
7fdf44021000-7fdf48000000 ---p 00000000 00:00 0 
7fdf48000000-7fdf4829b000 rw-p 00000000 00:00 0 
7fdf4829b000-7fdf4c000000 ---p 00000000 00:00 0 
7fdf4c4b4000-7fdf4c674000 rw-p 00000000 00:00 0 
7fdf4c674000-7fdf4c6b7000 ---p 00000000 00:00 0 
7fdf4c6b7000-7fdf4c9b5000 rw-p 00000000 00:00 0 
7fdf4c9b5000-7fdf4c9c6000 r-xp 00000000 08:06 1193876                    /usr/lib/jvm/java-8-oracle/jre/lib/amd64/libnio.so
7fdf4c9c6000-7fdf4cbc5000 ---p 00011000 08:06 1193876                    /usr/lib/jvm/java-8-oracle/jre/lib/amd64/libnio.so
7fdf4cbc5000-7fdf4cbc6000 r--p 00010000 08:06 1193876                    /usr/lib/jvm/java-8-oracle/jre/lib/amd64/libnio.so
7fdf4cbc6000-7fdf4cbc7000 rw-p 00011000 08:06 1193876                    /usr/lib/jvm/java-8-oracle/jre/lib/amd64/libnio.so
7fdf4cbc7000-7fdf4cdc7000 rw-p 00000000 00:00 0 
7fdf4cdc7000-7fdf4cfc7000 rw-p 00000000 00:00 0 
7fdf4cfc7000-7fdf4d1c7000 rw-p 00000000 00:00 0 
7fdf4d1c7000-7fdf4d1cf000 r-xp 00000000 08:06 1193881                    /usr/lib/jvm/java-8-oracle/jre/lib/amd64/libmanagement.so
7fdf4d1cf000-7fdf4d3cf000 ---p 00008000 08:06 1193881                    /usr/lib/jvm/java-8-oracle/jre/lib/amd64/libmanagement.so
7fdf4d3cf000-7fdf4d3d0000 r--p 00008000 08:06 1193881                    /usr/lib/jvm/java-8-oracle/jre/lib/amd64/libmanagement.so
7fdf4d3d0000-7fdf4d3d1000 rw-p 00009000 08:06 1193881                    /usr/lib/jvm/java-8-oracle/jre/lib/amd64/libmanagement.so
7fdf4d3d1000-7fdf4d467000 r--s 0110e000 08:06 1310728                    /usr/lib/jvm/java-8-oracle/jre/lib/ext/jfxrt.jar
7fdf4d467000-7fdf4d667000 rw-p 00000000 00:00 0 
7fdf4d667000-7fdf4d867000 rw-p 00000000 00:00 0 
7fdf4d867000-7fdf4d86a000 ---p 00000000 00:00 0 
7fdf4d86a000-7fdf4d968000 rw-p 00000000 00:00 0 
7fdf4d968000-7fdf4d96b000 ---p 00000000 00:00 0 
7fdf4d96b000-7fdf4da69000 rw-p 00000000 00:00 0 
7fdf4da69000-7fdf4da6c000 ---p 00000000 00:00 0 
7fdf4da6c000-7fdf4db6a000 rw-p 00000000 00:00 0 
7fdf4db6a000-7fdf4db6d000 ---p 00000000 00:00 0 
7fdf4db6d000-7fdf4dc6b000 rw-p 00000000 00:00 0 
7fdf4dc6b000-7fdf4dc75000 r--s 00116000 08:06 1310734                    /usr/lib/jvm/java-8-oracle/jre/lib/ext/localedata.jar
7fdf4dc75000-7fdf4dc91000 r--s 00393000 08:06 1310727                    /usr/lib/jvm/java-8-oracle/jre/lib/ext/cldrdata.jar
7fdf4dc91000-7fdf4dc98000 r--s 00000000 08:06 1442967                    /usr/lib/x86_64-linux-gnu/gconv/gconv-modules.cache
7fdf4dc98000-7fdf4dcbe000 r--p 00000000 08:06 1838845                    /usr/share/locale-langpack/fr/LC_MESSAGES/libc.mo
7fdf4dcbe000-7fdf4dcbf000 ---p 00000000 00:00 0 
7fdf4dcbf000-7fdf4ddbf000 rw-p 00000000 00:00 0 
7fdf4ddbf000-7fdf4ddd5000 r-xp 00000000 08:06 1193873                    /usr/lib/jvm/java-8-oracle/jre/lib/amd64/libnet.so
7fdf4ddd5000-7fdf4dfd4000 ---p 00016000 08:06 1193873                    /usr/lib/jvm/java-8-oracle/jre/lib/amd64/libnet.so
7fdf4dfd4000-7fdf4dfd5000 r--p 00015000 08:06 1193873                    /usr/lib/jvm/java-8-oracle/jre/lib/amd64/libnet.so
7fdf4dfd5000-7fdf4dfd6000 rw-p 00016000 08:06 1193873                    /usr/lib/jvm/java-8-oracle/jre/lib/amd64/libnet.so
7fdf4dfd6000-7fdf4dfd9000 ---p 00000000 00:00 0 
7fdf4dfd9000-7fdf4e0d7000 rw-p 00000000 00:00 0 
7fdf4e0d7000-7fdf4e0d8000 ---p 00000000 00:00 0 
7fdf4e0d8000-7fdf4e0db000 ---p 00000000 00:00 0 
7fdf4e0db000-7fdf4e1d8000 rw-p 00000000 00:00 0 
7fdf4e1d8000-7fdf4e1d9000 ---p 00000000 00:00 0 
7fdf4e1d9000-7fdf4e1dc000 ---p 00000000 00:00 0 
7fdf4e1dc000-7fdf4e2d9000 rw-p 00000000 00:00 0 
7fdf4e2d9000-7fdf4e2da000 ---p 00000000 00:00 0 
7fdf4e2da000-7fdf4e2dd000 ---p 00000000 00:00 0 
7fdf4e2dd000-7fdf4e3da000 rw-p 00000000 00:00 0 
7fdf4e3da000-7fdf4e3dd000 ---p 00000000 00:00 0 
7fdf4e3dd000-7fdf4e4db000 rw-p 00000000 00:00 0 
7fdf4e4db000-7fdf4e4de000 r--s 0001c000 07:0d 906                        /snap/intellij-idea-community/233/lib/idea_rt.jar
7fdf4e4de000-7fdf4e4ea000 r--s 0005e000 08:06 1316638                    /home/mamdy/.m2/repository/org/springframework/security/spring-security-core/5.1.5.RELEASE/spring-security-core-5.1.5.RELEASE.jar
7fdf4e4ea000-7fdf4e4eb000 r--s 00005000 08:06 1228983                    /home/mamdy/.m2/repository/org/springframework/spring-jcl/5.1.6.RELEASE/spring-jcl-5.1.6.RELEASE.jar
7fdf4e4eb000-7fdf4e503000 r--s 00124000 08:06 1228992                    /home/mamdy/.m2/repository/org/springframework/spring-core/5.1.6.RELEASE/spring-core-5.1.6.RELEASE.jar
7fdf4e503000-7fdf4e51a000 r--s 0018d000 08:06 1315454                    /home/mamdy/.m2/repository/org/projectlombok/lombok/1.18.6/lombok-1.18.6.jar
7fdf4e51a000-7fdf4e532000 r--s 001f2000 08:06 1186299                    /home/mamdy/.m2/repository/mysql/mysql-connector-java/8.0.15/mysql-connector-java-8.0.15.jar
7fdf4e532000-7fdf4e556000 r--s 00111000 08:06 1228942                    /home/mamdy/.m2/repository/org/springframework/boot/spring-boot-autoconfigure/2.1.4.RELEASE/spring-boot-autoconfigure-2.1.4.RELEASE.jar
7fdf4e556000-7fdf4e56b000 r--s 000d4000 08:06 1228911                    /home/mamdy/.m2/repository/org/springframework/boot/spring-boot/2.1.4.RELEASE/spring-boot-2.1.4.RELEASE.jar
7fdf4e56b000-7fdf4e571000 r--s 0002e000 08:06 1228976                    /home/mamdy/.m2/repository/org/springframework/boot/spring-boot-devtools/2.1.4.RELEASE/spring-boot-devtools-2.1.4.RELEASE.jar
7fdf4e571000-7fdf4e580000 r--s 000b5000 08:06 1228971                    /home/mamdy/.m2/repository/org/springframework/spring-webmvc/5.1.6.RELEASE/spring-webmvc-5.1.6.RELEASE.jar
7fdf4e580000-7fdf4e59c000 r--s 00137000 08:06 1228974                    /home/mamdy/.m2/repository/org/springframework/spring-web/5.1.6.RELEASE/spring-web-5.1.6.RELEASE.jar
7fdf4e59c000-7fdf4e5a1000 r--s 00012000 08:06 1187176                    /home/mamdy/.m2/repository/javax/validation/validation-api/2.0.1.Final/validation-api-2.0.1.Final.jar
7fdf4e5a1000-7fdf4e5be000 r--s 000fe000 08:06 1228912                    /home/mamdy/.m2/repository/org/hibernate/validator/hibernate-validator/6.0.16.Final/hibernate-validator-6.0.16.Final.jar
7fdf4e5be000-7fdf4e5c3000 r--s 0003c000 08:06 1228944                    /home/mamdy/.m2/repository/org/apache/tomcat/embed/tomcat-embed-websocket/9.0.17/tomcat-embed-websocket-9.0.17.jar
7fdf4e5c3000-7fdf4e5c8000 r--s 00039000 08:06 1228913                    /home/mamdy/.m2/repository/org/apache/tomcat/embed/tomcat-embed-el/9.0.17/tomcat-embed-el-9.0.17.jar
7fdf4e5c8000-7fdf4e5f2000 r--s 002f9000 08:06 1228965                    /home/mamdy/.m2/repository/org/apache/tomcat/embed/tomcat-embed-core/9.0.17/tomcat-embed-core-9.0.17.jar
7fdf4e5f2000-7fdf4e5f3000 r--s 00000000 08:06 1228926                    /home/mamdy/.m2/repository/org/springframework/boot/spring-boot-starter-tomcat/2.1.4.RELEASE/spring-boot-starter-tomcat-2.1.4.RELEASE.jar
7fdf4e5f3000-7fdf4e5f5000 r--s 00001000 08:06 1187144                    /home/mamdy/.m2/repository/com/fasterxml/jackson/module/jackson-module-parameter-names/2.9.8/jackson-module-parameter-names-2.9.8.jar
7fdf4e5f5000-7fdf4e5f8000 r--s 00016000 08:06 1186342                    /home/mamdy/.m2/repository/com/fasterxml/jackson/datatype/jackson-datatype-jsr310/2.9.8/jackson-datatype-jsr310-2.9.8.jar
7fdf4e5f8000-7fdf4e5fa000 r--s 00007000 08:06 1187152                    /home/mamdy/.m2/repository/com/fasterxml/jackson/datatype/jackson-datatype-jdk8/2.9.8/jackson-datatype-jdk8-2.9.8.jar
7fdf4e5fa000-7fdf4e5fb000 r--s 00000000 08:06 1228928                    /home/mamdy/.m2/repository/org/springframework/boot/spring-boot-starter-json/2.1.4.RELEASE/spring-boot-starter-json-2.1.4.RELEASE.jar
7fdf4e5fb000-7fdf4e5fc000 r--s 00000000 08:06 1228963                    /home/mamdy/.m2/repository/org/springframework/boot/spring-boot-starter-web/2.1.4.RELEASE/spring-boot-starter-web-2.1.4.RELEASE.jar
7fdf4e5fc000-7fdf4e603000 r--s 0004b000 08:06 1190617                    /home/mamdy/.m2/repository/commons-codec/commons-codec/1.11/commons-codec-1.11.jar
7fdf4e603000-7fdf4e607000 r--s 0004c000 08:06 1187132                    /home/mamdy/.m2/repository/com/fasterxml/jackson/core/jackson-core/2.9.8/jackson-core-2.9.8.jar
7fdf4e607000-7fdf4e619000 r--s 00137000 08:06 1187167                    /home/mamdy/.m2/repository/com/fasterxml/jackson/core/jackson-databind/2.9.8/jackson-databind-2.9.8.jar
7fdf4e619000-7fdf4e61b000 r--s 0000b000 08:06 1228948                    /home/mamdy/.m2/repository/com/auth0/java-jwt/3.8.0/java-jwt-3.8.0.jar
7fdf4e61b000-7fdf4e620000 r--s 00040000 08:06 1228962                    /home/mamdy/.m2/repository/org/springframework/spring-expression/5.1.6.RELEASE/spring-expression-5.1.6.RELEASE.jar
7fdf4e620000-7fdf4e62f000 r--s 00075000 08:06 1316636                    /home/mamdy/.m2/repository/org/springframework/security/spring-security-web/5.1.5.RELEASE/spring-security-web-5.1.5.RELEASE.jar
7fdf4e62f000-7fdf4e63c000 r--s 000b2000 08:06 1315452                    /home/mamdy/.m2/repository/org/springframework/security/spring-security-config/5.1.5.RELEASE/spring-security-config-5.1.5.RELEASE.jar
7fdf4e63c000-7fdf4e646000 r--s 00051000 08:06 1228921                    /home/mamdy/.m2/repository/org/springframework/spring-aop/5.1.6.RELEASE/spring-aop-5.1.6.RELEASE.jar
7fdf4e646000-7fdf4e64d000 r--s 00043000 08:06 1187005                    /home/mamdy/.m2/repository/org/yaml/snakeyaml/1.23/snakeyaml-1.23.jar
7fdf4e64d000-7fdf4e64f000 r--s 00005000 08:06 1187160                    /home/mamdy/.m2/repository/javax/annotation/javax.annotation-api/1.3.2/javax.annotation-api-1.3.2.jar
7fdf4e64f000-7fdf4e651000 r--s 00000000 08:06 1228924                    /home/mamdy/.m2/repository/org/slf4j/jul-to-slf4j/1.7.26/jul-to-slf4j-1.7.26.jar
7fdf4e651000-7fdf4e657000 r--s 0003c000 08:06 1187030                    /home/mamdy/.m2/repository/org/apache/logging/log4j/log4j-api/2.11.2/log4j-api-2.11.2.jar
7fdf4e657000-7fdf4e659000 r--s 00003000 08:06 1186300                    /home/mamdy/.m2/repository/org/apache/logging/log4j/log4j-to-slf4j/2.11.2/log4j-to-slf4j-2.11.2.jar
7fdf4e659000-7fdf4e664000 r--s 00069000 08:06 1186350                    /home/mamdy/.m2/repository/ch/qos/logback/logback-core/1.2.3/logback-core-1.2.3.jar
7fdf4e664000-7fdf4e66a000 r--s 00041000 08:06 1186348                    /home/mamdy/.m2/repository/ch/qos/logback/logback-classic/1.2.3/logback-classic-1.2.3.jar
7fdf4e66a000-7fdf4e66b000 r--s 00000000 08:06 1228918                    /home/mamdy/.m2/repository/org/springframework/boot/spring-boot-starter-logging/2.1.4.RELEASE/spring-boot-starter-logging-2.1.4.RELEASE.jar
7fdf4e66b000-7fdf4e66c000 r--s 00000000 08:06 1228953                    /home/mamdy/.m2/repository/org/springframework/boot/spring-boot-starter/2.1.4.RELEASE/spring-boot-starter-2.1.4.RELEASE.jar
7fdf4e66c000-7fdf4e66d000 r--s 00000000 08:06 1315450                    /home/mamdy/.m2/repository/org/springframework/boot/spring-boot-starter-security/2.1.4.RELEASE/spring-boot-starter-security-2.1.4.RELEASE.jar
7fdf4e66d000-7fdf4e670000 r--s 0000e000 08:06 1187156                    /home/mamdy/.m2/repository/com/fasterxml/jackson/core/jackson-annotations/2.9.0/jackson-annotations-2.9.0.jar
7fdf4e670000-7fdf4e672000 r--s 00002000 08:06 1341139                    /home/mamdy/.m2/repository/org/atteo/evo-inflector/1.2.2/evo-inflector-1.2.2.jar
7fdf4e672000-7fdf4e673000 r--s 00004000 08:06 1341105                    /home/mamdy/.m2/repository/org/springframework/plugin/spring-plugin-core/1.2.0.RELEASE/spring-plugin-core-1.2.0.RELEASE.jar
7fdf4e673000-7fdf4e678000 r--s 0002f000 08:06 1315449                    /home/mamdy/.m2/repository/org/springframework/hateoas/spring-hateoas/0.25.1.RELEASE/spring-hateoas-0.25.1.RELEASE.jar
7fdf4e678000-7fdf4e67d000 r--s 0001f000 08:06 1315446                    /home/mamdy/.m2/repository/org/springframework/data/spring-data-rest-core/3.1.6.RELEASE/spring-data-rest-core-3.1.6.RELEASE.jar
7fdf4e67d000-7fdf4e684000 r--s 0004e000 08:06 1315445                    /home/mamdy/.m2/repository/org/springframework/data/spring-data-rest-webmvc/3.1.6.RELEASE/spring-data-rest-webmvc-3.1.6.RELEASE.jar
7fdf4e684000-7fdf4e685000 r--s 00000000 08:06 1315442                    /home/mamdy/.m2/repository/org/springframework/boot/spring-boot-starter-data-rest/2.1.4.RELEASE/spring-boot-starter-data-rest-2.1.4.RELEASE.jar
7fdf4e685000-7fdf4e687000 r--s 0000a000 08:06 1281303                    /home/mamdy/.m2/repository/org/springframework/spring-aspects/5.1.6.RELEASE/spring-aspects-5.1.6.RELEASE.jar
7fdf4e687000-7fdf4e689000 r--s 00009000 08:06 1228990                    /home/mamdy/.m2/repository/org/slf4j/slf4j-api/1.7.26/slf4j-api-1.7.26.jar
7fdf4e689000-7fdf4e696000 r--s 00098000 08:06 1228945                    /home/mamdy/.m2/repository/org/springframework/spring-beans/5.1.6.RELEASE/spring-beans-5.1.6.RELEASE.jar
7fdf4e696000-7fdf4e69e000 r--s 00037000 08:06 1228950                    /home/mamdy/.m2/repository/org/springframework/spring-tx/5.1.6.RELEASE/spring-tx-5.1.6.RELEASE.jar
7fdf4e69e000-7fdf4e6b8000 r--s 000f3000 08:06 1228956                    /home/mamdy/.m2/repository/org/springframework/spring-context/5.1.6.RELEASE/spring-context-5.1.6.RELEASE.jar
7fdf4e6b8000-7fdf4e6bc000 r--s 0002d000 08:06 1281301                    /home/mamdy/.m2/repository/org/springframework/spring-orm/5.1.6.RELEASE/spring-orm-5.1.6.RELEASE.jar
7fdf4e6bc000-7fdf4e6d4000 r--s 00106000 08:06 1228936                    /home/mamdy/.m2/repository/org/springframework/data/spring-data-commons/2.1.6.RELEASE/spring-data-commons-2.1.6.RELEASE.jar
7fdf4e6d4000-7fdf4e6dc000 r--s 0004f000 08:06 1281298                    /home/mamdy/.m2/repository/org/springframework/data/spring-data-jpa/2.1.6.RELEASE/spring-data-jpa-2.1.6.RELEASE.jar
7fdf4e6dc000-7fdf4e6df000 r--s 00010000 08:06 1186255                    /home/mamdy/.m2/repository/org/hibernate/common/hibernate-commons-annotations/5.0.4.Final/hibernate-commons-annotations-5.0.4.Final.jar
7fdf4e6df000-7fdf4e6e4000 r--s 0004b000 08:06 1186319                    /home/mamdy/.m2/repository/org/dom4j/dom4j/2.1.1/dom4j-2.1.1.jar
7fdf4e6e4000-7fdf4e6e6000 r--s 0000f000 08:06 1186323                    /home/mamdy/.m2/repository/com/fasterxml/classmate/1.4.0/classmate-1.4.0.jar
7fdf4e6e6000-7fdf4e72d000 r--s 002da000 08:06 1228986                    /home/mamdy/.m2/repository/net/bytebuddy/byte-buddy/1.9.12/byte-buddy-1.9.12.jar
7fdf4e72d000-7fdf4e7b0000 r--s 00626000 08:06 1281290                    /home/mamdy/.m2/repository/org/hibernate/hibernate-core/5.3.9.Final/hibernate-core-5.3.9.Final.jar
7fdf4e7b0000-7fdf4e7b3000 ---p 00000000 00:00 0 
7fdf4e7b3000-7fdf4e8b1000 rw-p 00000000 00:00 0 
7fdf4e8b1000-7fdf4f280000 r--p 00000000 08:06 1186544                    /usr/lib/locale/locale-archive
7fdf4f280000-7fdf4f283000 ---p 00000000 00:00 0 
7fdf4f283000-7fdf4f381000 rw-p 00000000 00:00 0 
7fdf4f381000-7fdf4f384000 ---p 00000000 00:00 0 
7fdf4f384000-7fdf4f482000 rw-p 00000000 00:00 0 
7fdf4f482000-7fdf4f483000 ---p 00000000 00:00 0 
7fdf4f483000-7fdf54000000 rw-p 00000000 00:00 0 
7fdf54000000-7fdf54021000 rw-p 00000000 00:00 0 
7fdf54021000-7fdf58000000 ---p 00000000 00:00 0 
7fdf58000000-7fdf58021000 rw-p 00000000 00:00 0 
7fdf58021000-7fdf5c000000 ---p 00000000 00:00 0 
7fdf5c000000-7fdf5c021000 rw-p 00000000 00:00 0 
7fdf5c021000-7fdf60000000 ---p 00000000 00:00 0 
7fdf60000000-7fdf60021000 rw-p 00000000 00:00 0 
7fdf60021000-7fdf64000000 ---p 00000000 00:00 0 
7fdf64000000-7fdf64003000 r--s 0002b000 08:06 1186313                    /home/mamdy/.m2/repository/org/jboss/jandex/2.0.5.Final/jandex-2.0.5.Final.jar
7fdf64003000-7fdf64008000 r--s 00068000 08:06 1186311                    /home/mamdy/.m2/repository/antlr/antlr/2.7.7/antlr-2.7.7.jar
7fdf64008000-7fdf64013000 r--s 000b2000 08:06 1186307                    /home/mamdy/.m2/repository/org/javassist/javassist/3.23.1-GA/javassist-3.23.1-GA.jar
7fdf64013000-7fdf64019000 r--s 00023000 08:06 1186306                    /home/mamdy/.m2/repository/javax/persistence/javax.persistence-api/2.2/javax.persistence-api-2.2.jar
7fdf64019000-7fdf6401b000 r--s 0000f000 08:06 1187179                    /home/mamdy/.m2/repository/org/jboss/logging/jboss-logging/3.3.2.Final/jboss-logging-3.3.2.Final.jar
7fdf6401b000-7fdf6401d000 r--s 0000c000 08:06 1186317                    /home/mamdy/.m2/repository/javax/activation/javax.activation-api/1.2.0/javax.activation-api-1.2.0.jar
7fdf6401d000-7fdf64021000 r--s 0001c000 08:06 1186297                    /home/mamdy/.m2/repository/javax/xml/bind/jaxb-api/2.3.1/jaxb-api-2.3.1.jar
7fdf64021000-7fdf6403a000 r--s 001de000 08:06 1186283                    /home/mamdy/.m2/repository/org/aspectj/aspectjweaver/1.9.2/aspectjweaver-1.9.2.jar
7fdf6403a000-7fdf6404d000 r--s 00345000 08:06 1193801                    /usr/lib/jvm/java-8-oracle/jre/lib/resources.jar
7fdf6404d000-7fdf6424f000 rw-p 00000000 00:00 0 
7fdf6424f000-7fdf64429000 r--s 03d6c000 08:06 1193763                    /usr/lib/jvm/java-8-oracle/jre/lib/rt.jar
7fdf64429000-7fdf65000000 rw-p 00000000 00:00 0 
7fdf65000000-7fdf657e0000 rwxp 00000000 00:00 0 
7fdf657e0000-7fdf74000000 ---p 00000000 00:00 0 
7fdf74000000-7fdf749cf000 rw-p 00000000 00:00 0 
7fdf749cf000-7fdf78000000 ---p 00000000 00:00 0 
7fdf78000000-7fdf78001000 r--s 00006000 08:06 1186285                    /home/mamdy/.m2/repository/javax/transaction/javax.transaction-api/1.3/javax.transaction-api-1.3.jar
7fdf78001000-7fdf7800a000 r--s 0005a000 08:06 1281292                    /home/mamdy/.m2/repository/org/springframework/spring-jdbc/5.1.6.RELEASE/spring-jdbc-5.1.6.RELEASE.jar
7fdf7800a000-7fdf7800e000 r--s 00020000 08:06 1186257                    /home/mamdy/.m2/repository/com/zaxxer/HikariCP/3.2.0/HikariCP-3.2.0.jar
7fdf7800e000-7fdf7800f000 r--s 00000000 08:06 1281286                    /home/mamdy/.m2/repository/org/springframework/boot/spring-boot-starter-jdbc/2.1.4.RELEASE/spring-boot-starter-jdbc-2.1.4.RELEASE.jar
7fdf7800f000-7fdf78010000 r--s 00000000 08:06 1281288                    /home/mamdy/.m2/repository/org/springframework/boot/spring-boot-starter-aop/2.1.4.RELEASE/spring-boot-starter-aop-2.1.4.RELEASE.jar
7fdf78010000-7fdf78023000 r--s 000d6000 08:06 1193705                    /usr/lib/jvm/java-8-oracle/jre/lib/plugin.jar
7fdf78023000-7fdf7803e000 r--s 0020c000 08:06 1193681                    /usr/lib/jvm/java-8-oracle/jre/lib/deploy.jar
7fdf7803e000-7fdf780b4000 rw-p 00000000 00:00 0 
7fdf780b4000-7fdf780b5000 ---p 00000000 00:00 0 
7fdf780b5000-7fdf781b5000 rw-p 00000000 00:00 0 
7fdf781b5000-7fdf781b6000 ---p 00000000 00:00 0 
7fdf781b6000-7fdf782b6000 rw-p 00000000 00:00 0 
7fdf782b6000-7fdf782b7000 ---p 00000000 00:00 0 
7fdf782b7000-7fdf783b7000 rw-p 00000000 00:00 0 
7fdf783b7000-7fdf783b8000 ---p 00000000 00:00 0 
7fdf783b8000-7fdf784d2000 rw-p 00000000 00:00 0 
7fdf784d2000-7fdf78748000 ---p 00000000 00:00 0 
7fdf78748000-7fdf78762000 rw-p 00000000 00:00 0 
7fdf78762000-7fdf789d7000 ---p 00000000 00:00 0 
7fdf789d7000-7fdf78a1f000 rw-p 00000000 00:00 0 
7fdf78a1f000-7fdf78b1f000 ---p 00000000 00:00 0 
7fdf78b1f000-7fdf78b40000 rw-p 00000000 00:00 0 
7fdf78b40000-7fdf78ee0000 ---p 00000000 00:00 0 
7fdf78ee0000-7fdf78efa000 r-xp 00000000 08:06 1193869                    /usr/lib/jvm/java-8-oracle/jre/lib/amd64/libzip.so
7fdf78efa000-7fdf790fa000 ---p 0001a000 08:06 1193869                    /usr/lib/jvm/java-8-oracle/jre/lib/amd64/libzip.so
7fdf790fa000-7fdf790fb000 r--p 0001a000 08:06 1193869                    /usr/lib/jvm/java-8-oracle/jre/lib/amd64/libzip.so
7fdf790fb000-7fdf790fc000 rw-p 0001b000 08:06 1193869                    /usr/lib/jvm/java-8-oracle/jre/lib/amd64/libzip.so
7fdf790fc000-7fdf79107000 r-xp 00000000 08:06 660925                     /lib/x86_64-linux-gnu/libnss_files-2.27.so
7fdf79107000-7fdf79306000 ---p 0000b000 08:06 660925                     /lib/x86_64-linux-gnu/libnss_files-2.27.so
7fdf79306000-7fdf79307000 r--p 0000a000 08:06 660925                     /lib/x86_64-linux-gnu/libnss_files-2.27.so
7fdf79307000-7fdf79308000 rw-p 0000b000 08:06 660925                     /lib/x86_64-linux-gnu/libnss_files-2.27.so
7fdf79308000-7fdf7930e000 rw-p 00000000 00:00 0 
7fdf7930e000-7fdf79325000 r-xp 00000000 08:06 660919                     /lib/x86_64-linux-gnu/libnsl-2.27.so
7fdf79325000-7fdf79524000 ---p 00017000 08:06 660919                     /lib/x86_64-linux-gnu/libnsl-2.27.so
7fdf79524000-7fdf79525000 r--p 00016000 08:06 660919                     /lib/x86_64-linux-gnu/libnsl-2.27.so
7fdf79525000-7fdf79526000 rw-p 00017000 08:06 660919                     /lib/x86_64-linux-gnu/libnsl-2.27.so
7fdf79526000-7fdf79528000 rw-p 00000000 00:00 0 
7fdf79528000-7fdf79533000 r-xp 00000000 08:06 660936                     /lib/x86_64-linux-gnu/libnss_nis-2.27.so
7fdf79533000-7fdf79732000 ---p 0000b000 08:06 660936                     /lib/x86_64-linux-gnu/libnss_nis-2.27.so
7fdf79732000-7fdf79733000 r--p 0000a000 08:06 660936                     /lib/x86_64-linux-gnu/libnss_nis-2.27.so
7fdf79733000-7fdf79734000 rw-p 0000b000 08:06 660936                     /lib/x86_64-linux-gnu/libnss_nis-2.27.so
7fdf79734000-7fdf7973c000 r-xp 00000000 08:06 660921                     /lib/x86_64-linux-gnu/libnss_compat-2.27.so
7fdf7973c000-7fdf7993c000 ---p 00008000 08:06 660921                     /lib/x86_64-linux-gnu/libnss_compat-2.27.so
7fdf7993c000-7fdf7993d000 r--p 00008000 08:06 660921                     /lib/x86_64-linux-gnu/libnss_compat-2.27.so
7fdf7993d000-7fdf7993e000 rw-p 00009000 08:06 660921                     /lib/x86_64-linux-gnu/libnss_compat-2.27.so
7fdf7993e000-7fdf79948000 r-xp 00000000 08:06 1193878                    /usr/lib/jvm/java-8-oracle/jre/lib/amd64/libinstrument.so
7fdf79948000-7fdf79b47000 ---p 0000a000 08:06 1193878                    /usr/lib/jvm/java-8-oracle/jre/lib/amd64/libinstrument.so
7fdf79b47000-7fdf79b48000 r--p 00009000 08:06 1193878                    /usr/lib/jvm/java-8-oracle/jre/lib/amd64/libinstrument.so
7fdf79b48000-7fdf79b49000 rw-p 0000a000 08:06 1193878                    /usr/lib/jvm/java-8-oracle/jre/lib/amd64/libinstrument.so
7fdf79b49000-7fdf79b76000 r-xp 00000000 08:06 1193863                    /usr/lib/jvm/java-8-oracle/jre/lib/amd64/libjava.so
7fdf79b76000-7fdf79d75000 ---p 0002d000 08:06 1193863                    /usr/lib/jvm/java-8-oracle/jre/lib/amd64/libjava.so
7fdf79d75000-7fdf79d76000 r--p 0002c000 08:06 1193863                    /usr/lib/jvm/java-8-oracle/jre/lib/amd64/libjava.so
7fdf79d76000-7fdf79d78000 rw-p 0002d000 08:06 1193863                    /usr/lib/jvm/java-8-oracle/jre/lib/amd64/libjava.so
7fdf79d78000-7fdf79d85000 r-xp 00000000 08:06 1193868                    /usr/lib/jvm/java-8-oracle/jre/lib/amd64/libverify.so
7fdf79d85000-7fdf79f84000 ---p 0000d000 08:06 1193868                    /usr/lib/jvm/java-8-oracle/jre/lib/amd64/libverify.so
7fdf79f84000-7fdf79f86000 r--p 0000c000 08:06 1193868                    /usr/lib/jvm/java-8-oracle/jre/lib/amd64/libverify.so
7fdf79f86000-7fdf79f87000 rw-p 0000e000 08:06 1193868                    /usr/lib/jvm/java-8-oracle/jre/lib/amd64/libverify.so
7fdf79f87000-7fdf79f8e000 r-xp 00000000 08:06 660976                     /lib/x86_64-linux-gnu/librt-2.27.so
7fdf79f8e000-7fdf7a18d000 ---p 00007000 08:06 660976                     /lib/x86_64-linux-gnu/librt-2.27.so
7fdf7a18d000-7fdf7a18e000 r--p 00006000 08:06 660976                     /lib/x86_64-linux-gnu/librt-2.27.so
7fdf7a18e000-7fdf7a18f000 rw-p 00007000 08:06 660976                     /lib/x86_64-linux-gnu/librt-2.27.so
7fdf7a18f000-7fdf7a32c000 r-xp 00000000 08:06 660898                     /lib/x86_64-linux-gnu/libm-2.27.so
7fdf7a32c000-7fdf7a52b000 ---p 0019d000 08:06 660898                     /lib/x86_64-linux-gnu/libm-2.27.so
7fdf7a52b000-7fdf7a52c000 r--p 0019c000 08:06 660898                     /lib/x86_64-linux-gnu/libm-2.27.so
7fdf7a52c000-7fdf7a52d000 rw-p 0019d000 08:06 660898                     /lib/x86_64-linux-gnu/libm-2.27.so
7fdf7a52d000-7fdf7b20f000 r-xp 00000000 08:06 1310827                    /usr/lib/jvm/java-8-oracle/jre/lib/amd64/server/libjvm.so
7fdf7b20f000-7fdf7b40f000 ---p 00ce2000 08:06 1310827                    /usr/lib/jvm/java-8-oracle/jre/lib/amd64/server/libjvm.so
7fdf7b40f000-7fdf7b4a5000 r--p 00ce2000 08:06 1310827                    /usr/lib/jvm/java-8-oracle/jre/lib/amd64/server/libjvm.so
7fdf7b4a5000-7fdf7b4d6000 rw-p 00d78000 08:06 1310827                    /usr/lib/jvm/java-8-oracle/jre/lib/amd64/server/libjvm.so
7fdf7b4d6000-7fdf7b511000 rw-p 00000000 00:00 0 
7fdf7b511000-7fdf7b6f8000 r-xp 00000000 08:06 660835                     /lib/x86_64-linux-gnu/libc-2.27.so
7fdf7b6f8000-7fdf7b8f8000 ---p 001e7000 08:06 660835                     /lib/x86_64-linux-gnu/libc-2.27.so
7fdf7b8f8000-7fdf7b8fc000 r--p 001e7000 08:06 660835                     /lib/x86_64-linux-gnu/libc-2.27.so
7fdf7b8fc000-7fdf7b8fe000 rw-p 001eb000 08:06 660835                     /lib/x86_64-linux-gnu/libc-2.27.so
7fdf7b8fe000-7fdf7b902000 rw-p 00000000 00:00 0 
7fdf7b902000-7fdf7b905000 r-xp 00000000 08:06 660858                     /lib/x86_64-linux-gnu/libdl-2.27.so
7fdf7b905000-7fdf7bb04000 ---p 00003000 08:06 660858                     /lib/x86_64-linux-gnu/libdl-2.27.so
7fdf7bb04000-7fdf7bb05000 r--p 00002000 08:06 660858                     /lib/x86_64-linux-gnu/libdl-2.27.so
7fdf7bb05000-7fdf7bb06000 rw-p 00003000 08:06 660858                     /lib/x86_64-linux-gnu/libdl-2.27.so
7fdf7bb06000-7fdf7bb1d000 r-xp 00000000 08:06 1193625                    /usr/lib/jvm/java-8-oracle/lib/amd64/jli/libjli.so
7fdf7bb1d000-7fdf7bd1c000 ---p 00017000 08:06 1193625                    /usr/lib/jvm/java-8-oracle/lib/amd64/jli/libjli.so
7fdf7bd1c000-7fdf7bd1d000 r--p 00016000 08:06 1193625                    /usr/lib/jvm/java-8-oracle/lib/amd64/jli/libjli.so
7fdf7bd1d000-7fdf7bd1e000 rw-p 00017000 08:06 1193625                    /usr/lib/jvm/java-8-oracle/lib/amd64/jli/libjli.so
7fdf7bd1e000-7fdf7bd38000 r-xp 00000000 08:06 660968                     /lib/x86_64-linux-gnu/libpthread-2.27.so
7fdf7bd38000-7fdf7bf37000 ---p 0001a000 08:06 660968                     /lib/x86_64-linux-gnu/libpthread-2.27.so
7fdf7bf37000-7fdf7bf38000 r--p 00019000 08:06 660968                     /lib/x86_64-linux-gnu/libpthread-2.27.so
7fdf7bf38000-7fdf7bf39000 rw-p 0001a000 08:06 660968                     /lib/x86_64-linux-gnu/libpthread-2.27.so
7fdf7bf39000-7fdf7bf3d000 rw-p 00000000 00:00 0 
7fdf7bf3d000-7fdf7bf64000 r-xp 00000000 08:06 660807                     /lib/x86_64-linux-gnu/ld-2.27.so
7fdf7bf64000-7fdf7bf65000 r--s 00000000 08:06 1281283                    /home/mamdy/.m2/repository/org/springframework/boot/spring-boot-starter-data-jpa/2.1.4.RELEASE/spring-boot-starter-data-jpa-2.1.4.RELEASE.jar
7fdf7bf65000-7fdf7bf6a000 r--s 000a0000 08:06 1193817                    /usr/lib/jvm/java-8-oracle/jre/lib/jsse.jar
7fdf7bf6a000-7fdf7bf6f000 r--s 00084000 08:06 1193680                    /usr/lib/jvm/java-8-oracle/jre/lib/jfr.jar
7fdf7bf6f000-7fdf7bf79000 r--s 0006e000 08:06 1193690                    /usr/lib/jvm/java-8-oracle/jre/lib/javaws.jar
7fdf7bf79000-7fdf7c04a000 rw-p 00000000 00:00 0 
7fdf7c04a000-7fdf7c04b000 ---p 00000000 00:00 0 
7fdf7c04b000-7fdf7c04e000 ---p 00000000 00:00 0 
7fdf7c04e000-7fdf7c14f000 rw-p 00000000 00:00 0 
7fdf7c14f000-7fdf7c150000 r--s 00000000 08:06 1193687                    /usr/lib/jvm/java-8-oracle/jre/lib/management-agent.jar
7fdf7c150000-7fdf7c152000 r--s 00007000 08:06 1193891                    /usr/lib/jvm/java-8-oracle/jre/lib/jfxswt.jar
7fdf7c152000-7fdf7c155000 r--s 0001a000 08:06 1193889                    /usr/lib/jvm/java-8-oracle/jre/lib/jce.jar
7fdf7c155000-7fdf7c15a000 r--s 002f9000 08:06 1193761                    /usr/lib/jvm/java-8-oracle/jre/lib/charsets.jar
7fdf7c15a000-7fdf7c162000 rw-s 00000000 08:06 3292476                    /tmp/hsperfdata_mamdy/9054
7fdf7c162000-7fdf7c163000 rw-p 00000000 00:00 0 
7fdf7c163000-7fdf7c164000 ---p 00000000 00:00 0 
7fdf7c164000-7fdf7c165000 r--p 00027000 08:06 660807                     /lib/x86_64-linux-gnu/ld-2.27.so
7fdf7c165000-7fdf7c166000 rw-p 00028000 08:06 660807                     /lib/x86_64-linux-gnu/ld-2.27.so
7fdf7c166000-7fdf7c167000 rw-p 00000000 00:00 0 
7ffce7415000-7ffce7438000 rw-p 00000000 00:00 0                          [stack]
7ffce754d000-7ffce7550000 r--p 00000000 00:00 0                          [vvar]
7ffce7550000-7ffce7552000 r-xp 00000000 00:00 0                          [vdso]
ffffffffff600000-ffffffffff601000 r-xp 00000000 00:00 0                  [vsyscall]

VM Arguments:
jvm_args: -javaagent:/snap/intellij-idea-community/233/lib/idea_rt.jar=43861:/snap/intellij-idea-community/233/bin -Dfile.encoding=UTF-8 
java_command: com.mamdy.SecurityServiceApplication
java_class_path (initial): /usr/lib/jvm/java-8-oracle/jre/lib/charsets.jar:/usr/lib/jvm/java-8-oracle/jre/lib/deploy.jar:/usr/lib/jvm/java-8-oracle/jre/lib/ext/cldrdata.jar:/usr/lib/jvm/java-8-oracle/jre/lib/ext/dnsns.jar:/usr/lib/jvm/java-8-oracle/jre/lib/ext/jaccess.jar:/usr/lib/jvm/java-8-oracle/jre/lib/ext/jfxrt.jar:/usr/lib/jvm/java-8-oracle/jre/lib/ext/localedata.jar:/usr/lib/jvm/java-8-oracle/jre/lib/ext/nashorn.jar:/usr/lib/jvm/java-8-oracle/jre/lib/ext/sunec.jar:/usr/lib/jvm/java-8-oracle/jre/lib/ext/sunjce_provider.jar:/usr/lib/jvm/java-8-oracle/jre/lib/ext/sunpkcs11.jar:/usr/lib/jvm/java-8-oracle/jre/lib/ext/zipfs.jar:/usr/lib/jvm/java-8-oracle/jre/lib/javaws.jar:/usr/lib/jvm/java-8-oracle/jre/lib/jce.jar:/usr/lib/jvm/java-8-oracle/jre/lib/jfr.jar:/usr/lib/jvm/java-8-oracle/jre/lib/jfxswt.jar:/usr/lib/jvm/java-8-oracle/jre/lib/jsse.jar:/usr/lib/jvm/java-8-oracle/jre/lib/management-agent.jar:/usr/lib/jvm/java-8-oracle/jre/lib/plugin.jar:/usr/lib/jvm/java-8-oracle/jre/lib/resources.jar:/usr/lib/jvm/java-8-oracle/jre/lib/rt.jar:/home/mamdy/Bureau/_DVT/Workspaces/Securite/target/classes:/home/mamdy/.m2/repository/org/springframework/boot/spring-boot-starter-data-jpa/2.1.4.RELEASE/spring-boot-starter-data-jpa-2.1.4.RELEASE.jar:/home/mamdy/.m2/repository/org/springframework/boot/spring-boot-starter-aop/2.1.4.RELEASE/spring-boot-starter-aop-2.1.4.RELEASE.jar:/home/mamdy/.m2/repository/org/aspectj/aspectjweaver/1.9.2/aspectjweaver-1.9.2.jar:/home/mamdy/.m2/repository/org/springframework/boot/spring-boot-starter-jdbc/2.1.4.RELEASE/spring-boot-starter-jdbc-2.1.4.RELEASE.jar:/home/mamdy/.m2/repository/com/zaxxer/HikariCP/3.2.0/HikariCP-3.2.0.jar:/home/mamdy/.m2/repository/org/springframework/spring-jdbc/5.1.6.RELEASE/spring-jdbc-5.1.6.RELEASE.jar:/home/mamdy/.m2/repository/javax/transaction/javax.transaction-api/1.3/javax.transaction-api-1.3.jar:/home/mamdy/.m2/repository/javax/xml/bind/jaxb-api/2.3.1/jaxb-api-2.3.1.jar:/home/mamdy/.m2/repository/javax/activation/
Launcher Type: SUN_STANDARD

Environment Variables:
JAVA_HOME=/usr/lib/jvm/java-8-oracle
PATH=/usr/local/sbin:/usr/local/bin:/usr/sbin:/usr/bin:/sbin:/bin:/usr/games:/usr/local/games:/snap/bin:/usr/lib/jvm/java-8-oracle/bin:/usr/lib/jvm/java-8-oracle/db/bin:/usr/lib/jvm/java-8-oracle/jre/bin
USERNAME=mamdy
SHELL=/bin/bash
DISPLAY=:0

Signal Handlers:
SIGSEGV: [libjvm.so+0xaced60], sa_mask[0]=11111111011111111101111111111110, sa_flags=SA_RESTART|SA_SIGINFO
SIGBUS: [libjvm.so+0xaced60], sa_mask[0]=11111111011111111101111111111110, sa_flags=SA_RESTART|SA_SIGINFO
SIGFPE: [libjvm.so+0x907ca0], sa_mask[0]=11111111011111111101111111111110, sa_flags=SA_RESTART|SA_SIGINFO
SIGPIPE: [libjvm.so+0x907ca0], sa_mask[0]=11111111011111111101111111111110, sa_flags=SA_RESTART|SA_SIGINFO
SIGXFSZ: [libjvm.so+0x907ca0], sa_mask[0]=11111111011111111101111111111110, sa_flags=SA_RESTART|SA_SIGINFO
SIGILL: [libjvm.so+0x907ca0], sa_mask[0]=11111111011111111101111111111110, sa_flags=SA_RESTART|SA_SIGINFO
SIGUSR1: SIG_DFL, sa_mask[0]=00000000000000000000000000000000, sa_flags=none
SIGUSR2: [libjvm.so+0x907b70], sa_mask[0]=00100000000000000000000000000000, sa_flags=SA_RESTART|SA_SIGINFO
SIGHUP: [libjvm.so+0x908190], sa_mask[0]=11111111011111111101111111111110, sa_flags=SA_RESTART|SA_SIGINFO
SIGINT: [libjvm.so+0x908190], sa_mask[0]=11111111011111111101111111111110, sa_flags=SA_RESTART|SA_SIGINFO
SIGTERM: [libjvm.so+0x908190], sa_mask[0]=11111111011111111101111111111110, sa_flags=SA_RESTART|SA_SIGINFO
SIGQUIT: [libjvm.so+0x908190], sa_mask[0]=11111111011111111101111111111110, sa_flags=SA_RESTART|SA_SIGINFO


---------------  S Y S T E M  ---------------

OS:DISTRIB_ID=Ubuntu
DISTRIB_RELEASE=18.04
DISTRIB_CODENAME=bionic
DISTRIB_DESCRIPTION="Ubuntu 18.04.4 LTS"

uname:Linux 4.15.0-106-generic #107-Ubuntu SMP Thu Jun 4 11:27:52 UTC 2020 x86_64
libc:glibc 2.27 NPTL 2.27 
rlimit: STACK 8192k, CORE 0k, NPROC 31184, NOFILE 1048576, AS infinity
load average:1,87 1,08 1,22

/proc/meminfo:
MemTotal:        8051152 kB
MemFree:          101804 kB
MemAvailable:      16532 kB
Buffers:            1108 kB
Cached:           625896 kB
SwapCached:        10988 kB
Active:          6598088 kB
Inactive:         934588 kB
Active(anon):    6583128 kB
Inactive(anon):   908656 kB
Active(file):      14960 kB
Inactive(file):    25932 kB
Unevictable:         288 kB
Mlocked:             288 kB
SwapTotal:       2097148 kB
SwapFree:              0 kB
Dirty:                92 kB
Writeback:            12 kB
AnonPages:       6896272 kB
Mapped:           200204 kB
Shmem:            585960 kB
Slab:             144392 kB
SReclaimable:      60148 kB
SUnreclaim:        84244 kB
KernelStack:       24048 kB
PageTables:       116884 kB
NFS_Unstable:          0 kB
Bounce:                0 kB
WritebackTmp:          0 kB
CommitLimit:     6122724 kB
Committed_AS:   19228632 kB
VmallocTotal:   34359738367 kB
VmallocUsed:           0 kB
VmallocChunk:          0 kB
HardwareCorrupted:     0 kB
AnonHugePages:         0 kB
ShmemHugePages:        0 kB
ShmemPmdMapped:        0 kB
CmaTotal:              0 kB
CmaFree:               0 kB
HugePages_Total:       0
HugePages_Free:        0
HugePages_Rsvd:        0
HugePages_Surp:        0
Hugepagesize:       2048 kB
DirectMap4k:      540544 kB
DirectMap2M:     7731200 kB

container (cgroup) information:
container_type: cgroupv1
cpu_cpuset_cpus: 0-3
cpu_memory_nodes: 0
active_processor_count: 4
cpu_quota: -1
cpu_period: 100000
cpu_shares: -1
memory_limit_in_bytes: -1
memory_and_swap_limit_in_bytes: -2
memory_soft_limit_in_bytes: -1
memory_usage_in_bytes: 7714119680
memory_max_usage_in_bytes: 16801792


CPU:total 4 (initial active 4) (2 cores per cpu, 2 threads per core) family 6 model 58 stepping 9, cmov, cx8, fxsr, mmx, sse, sse2, sse3, ssse3, sse4.1, sse4.2, popcnt, avx, aes, clmul, erms, ht, tsc, tscinvbit, tscinv

/proc/cpuinfo:
processor	: 0
vendor_id	: GenuineIntel
cpu family	: 6
model		: 58
model name	: Intel(R) Core(TM) i5-3230M CPU @ 2.60GHz
stepping	: 9
microcode	: 0x21
cpu MHz		: 2993.252
cache size	: 3072 KB
physical id	: 0
siblings	: 4
core id		: 0
cpu cores	: 2
apicid		: 0
initial apicid	: 0
fpu		: yes
fpu_exception	: yes
cpuid level	: 13
wp		: yes
flags		: fpu vme de pse tsc msr pae mce cx8 apic sep mtrr pge mca cmov pat pse36 clflush dts acpi mmx fxsr sse sse2 ss ht tm pbe syscall nx rdtscp lm constant_tsc arch_perfmon pebs bts rep_good nopl xtopology nonstop_tsc cpuid aperfmperf pni pclmulqdq dtes64 monitor ds_cpl vmx est tm2 ssse3 cx16 xtpr pdcm pcid sse4_1 sse4_2 x2apic popcnt tsc_deadline_timer aes xsave avx f16c rdrand lahf_lm cpuid_fault epb pti ssbd ibrs ibpb stibp tpr_shadow vnmi flexpriority ept vpid fsgsbase smep erms xsaveopt dtherm ida arat pln pts md_clear flush_l1d
bugs		: cpu_meltdown spectre_v1 spectre_v2 spec_store_bypass l1tf mds swapgs itlb_multihit srbds
bogomips	: 5188.30
clflush size	: 64
cache_alignment	: 64
address sizes	: 36 bits physical, 48 bits virtual
power management:

processor	: 1
vendor_id	: GenuineIntel
cpu family	: 6
model		: 58
model name	: Intel(R) Core(TM) i5-3230M CPU @ 2.60GHz
stepping	: 9
microcode	: 0x21
cpu MHz		: 2993.252
cache size	: 3072 KB
physical id	: 0
siblings	: 4
core id		: 1
cpu cores	: 2
apicid		: 2
initial apicid	: 2
fpu		: yes
fpu_exception	: yes
cpuid level	: 13
wp		: yes
flags		: fpu vme de pse tsc msr pae mce cx8 apic sep mtrr pge mca cmov pat pse36 clflush dts acpi mmx fxsr sse sse2 ss ht tm pbe syscall nx rdtscp lm constant_tsc arch_perfmon pebs bts rep_good nopl xtopology nonstop_tsc cpuid aperfmperf pni pclmulqdq dtes64 monitor ds_cpl vmx est tm2 ssse3 cx16 xtpr pdcm pcid sse4_1 sse4_2 x2apic popcnt tsc_deadline_timer aes xsave avx f16c rdrand lahf_lm cpuid_fault epb pti ssbd ibrs ibpb stibp tpr_shadow vnmi flexpriority ept vpid fsgsbase smep erms xsaveopt dtherm ida arat pln pts md_clear flush_l1d
bugs		: cpu_meltdown spectre_v1 spectre_v2 spec_store_bypass l1tf mds swapgs itlb_multihit srbds
bogomips	: 5188.30
clflush size	: 64
cache_alignment	: 64
address sizes	: 36 bits physical, 48 bits virtual
power management:

processor	: 2
vendor_id	: GenuineIntel
cpu family	: 6
model		: 58
model name	: Intel(R) Core(TM) i5-3230M CPU @ 2.60GHz
stepping	: 9
microcode	: 0x21
cpu MHz		: 2993.257
cache size	: 3072 KB
physical id	: 0
siblings	: 4
core id		: 0
cpu cores	: 2
apicid		: 1
initial apicid	: 1
fpu		: yes
fpu_exception	: yes
cpuid level	: 13
wp		: yes
flags		: fpu vme de pse tsc msr pae mce cx8 apic sep mtrr pge mca cmov pat pse36 clflush dts acpi mmx fxsr sse sse2 ss ht tm pbe syscall nx rdtscp lm constant_tsc arch_perfmon pebs bts rep_good nopl xtopology nonstop_tsc cpuid aperfmperf pni pclmulqdq dtes64 monitor ds_cpl vmx est tm2 ssse3 cx16 xtpr pdcm pcid sse4_1 sse4_2 x2apic popcnt tsc_deadline_timer aes xsave avx f16c rdrand lahf_lm cpuid_fault epb pti ssbd ibrs ibpb stibp tpr_shadow vnmi flexpriority ept vpid fsgsbase smep erms xsaveopt dtherm ida arat pln pts md_clear flush_l1d
bugs		: cpu_meltdown spectre_v1 spectre_v2 spec_store_bypass l1tf mds swapgs itlb_multihit srbds
bogomips	: 5188.30
clflush size	: 64
cache_alignment	: 64
address sizes	: 36 bits physical, 48 bits virtual
power management:

processor	: 3
vendor_id	: GenuineIntel
cpu family	: 6
model		: 58
model name	: Intel(R) Core(TM) i5-3230M CPU @ 2.60GHz
stepping	: 9
microcode	: 0x21
cpu MHz		: 2993.247
cache size	: 3072 KB
physical id	: 0
siblings	: 4
core id		: 1
cpu cores	: 2
apicid		: 3
initial apicid	: 3
fpu		: yes
fpu_exception	: yes
cpuid level	: 13
wp		: yes
flags		: fpu vme de pse tsc msr pae mce cx8 apic sep mtrr pge mca cmov pat pse36 clflush dts acpi mmx fxsr sse sse2 ss ht tm pbe syscall nx rdtscp lm constant_tsc arch_perfmon pebs bts rep_good nopl xtopology nonstop_tsc cpuid aperfmperf pni pclmulqdq dtes64 monitor ds_cpl vmx est tm2 ssse3 cx16 xtpr pdcm pcid sse4_1 sse4_2 x2apic popcnt tsc_deadline_timer aes xsave avx f16c rdrand lahf_lm cpuid_fault epb pti ssbd ibrs ibpb stibp tpr_shadow vnmi flexpriority ept vpid fsgsbase smep erms xsaveopt dtherm ida arat pln pts md_clear flush_l1d
bugs		: cpu_meltdown spectre_v1 spectre_v2 spec_store_bypass l1tf mds swapgs itlb_multihit srbds
bogomips	: 5188.30
clflush size	: 64
cache_alignment	: 64
address sizes	: 36 bits physical, 48 bits virtual
power management:



Memory: 4k page, physical 8051152k(103312k free), swap 2097148k(0k free)

vm_info: Java HotSpot(TM) 64-Bit Server VM (25.191-b12) for linux-amd64 JRE (1.8.0_191-b12), built on Oct  6 2018 05:43:09 by "java_re" with gcc 7.3.0

time: Fri Jun 12 16:20:38 2020
elapsed time: 5 seconds (0d 0h 0m 5s)

